{"message":"[mb:2525] Running with --allowInjection set. See http://localhost:2525/docs/security for security info","level":"warn","timestamp":"2021-09-20T14:27:10.569Z"}
{"message":"[mb:2525] mountebank v2.5.0 now taking orders - point your browser to http://localhost:2525/ for help","level":"info","timestamp":"2021-09-20T14:27:10.596Z"}
{"message":"[mb:2525] POST /imposters","level":"info","timestamp":"2021-09-20T14:27:17.247Z"}
{"message":"[http:5555] Open for business...","level":"info","timestamp":"2021-09-20T14:27:17.405Z"}
{"message":"[http:5555] ::1:49363 => POST /paramsTest?kms=100","level":"info","timestamp":"2021-09-20T14:28:15.685Z"}
{"message":"[http:5555] no predicate match, using default response","level":"info","timestamp":"2021-09-20T14:28:15.726Z"}
{"message":"[mb:2525] POST /imposters","level":"info","timestamp":"2021-09-20T14:28:55.181Z"}
{"message":"[http:5556] Open for business...","level":"info","timestamp":"2021-09-20T14:28:55.358Z"}
{"message":"[http:5555] ::1:61893 => POST /paramsTest?kms=100","level":"info","timestamp":"2021-09-20T14:29:04.126Z"}
{"message":"[http:5555] no predicate match, using default response","level":"info","timestamp":"2021-09-20T14:29:04.139Z"}
{"message":"[http:5556] ::1:60313 => POST /paramsTest?kms=100","level":"info","timestamp":"2021-09-20T14:29:10.712Z"}
{"message":"[http:5556] no predicate match, using default response","level":"info","timestamp":"2021-09-20T14:29:10.718Z"}
{"message":"[mb:2525] POST /imposters","level":"info","timestamp":"2021-09-20T14:30:08.021Z"}
{"message":"[http:5557] Open for business...","level":"info","timestamp":"2021-09-20T14:30:08.033Z"}
{"message":"[http:5557] ::1:50176 => POST /paramsTest?kms=100","level":"info","timestamp":"2021-09-20T14:30:20.648Z"}
{"message":"[http:5557] injection X=> ReferenceError: location is not defined","level":"error","timestamp":"2021-09-20T14:30:20.668Z"}
{"message":"[http:5557]     full source: \"(function(request, response) {\\n    var queryString = location.search\\n    let params = new URLSearchParams(queryString)\\n\\n\\n    response.body = params.get('kms');\\n\\n})(config, response, logger);\"","level":"error","timestamp":"2021-09-20T14:30:20.730Z"}
{"message":"[http:5557] ::1:50176 X=> {\"message\":\"Converting circular structure to JSON\\n    --> starting at object with constructor 'DerivedLogger'\\n    |     property '_readableState' -> object with constructor 'ReadableState'\\n    |     property 'pipes' -> object with constructor 'Array'\\n    |     index 0 -> object with constructor 'Console'\\n    --- property 'parent' closes the circle\",\"name\":\"TypeError\",\"stack\":\"TypeError: Converting circular structure to JSON\\n    --> starting at object with constructor 'DerivedLogger'\\n    |     property '_readableState' -> object with constructor 'ReadableState'\\n    |     property 'pipes' -> object with constructor 'Array'\\n    |     index 0 -> object with constructor 'Console'\\n    --- property 'parent' closes the circle\\n    at JSON.stringify (<anonymous>)\\n    at Object.decorate (C:\\\\Users\\\\HP\\\\AppData\\\\Roaming\\\\npm\\\\node_modules\\\\mountebank\\\\src\\\\models\\\\behaviors.js:245:44)\\n    at C:\\\\Users\\\\HP\\\\AppData\\\\Roaming\\\\npm\\\\node_modules\\\\mountebank\\\\src\\\\models\\\\behaviors.js:530:63\\n    at processTicksAndRejections (internal/process/task_queues.js:95:5)\\n    at async Object.execute (C:\\\\Users\\\\HP\\\\AppData\\\\Roaming\\\\npm\\\\node_modules\\\\mountebank\\\\src\\\\models\\\\behaviors.js:536:23)\\n    at async Object.resolve (C:\\\\Users\\\\HP\\\\AppData\\\\Roaming\\\\npm\\\\node_modules\\\\mountebank\\\\src\\\\models\\\\responseResolver.js:339:24)\\n    at async getResponseFor (C:\\\\Users\\\\HP\\\\AppData\\\\Roaming\\\\npm\\\\node_modules\\\\mountebank\\\\src\\\\models\\\\imposter.js:146:26)\\n    at async Server.<anonymous> (C:\\\\Users\\\\HP\\\\AppData\\\\Roaming\\\\npm\\\\node_modules\\\\mountebank\\\\src\\\\models\\\\http\\\\baseHttpServer.js:127:36)\"}","level":"error","timestamp":"2021-09-20T14:30:20.829Z"}
{"message":"[mb:2525] POST /imposters","level":"info","timestamp":"2021-09-20T15:08:22.057Z"}
{"message":"[http:5558] Open for business...","level":"info","timestamp":"2021-09-20T15:08:22.412Z"}
{"message":"[http:5558] ::1:63092 => POST /paramsTest?kms=100","level":"info","timestamp":"2021-09-20T15:08:33.324Z"}
{"message":"[http:5558] injection X=> ReferenceError: location is not defined","level":"error","timestamp":"2021-09-20T15:08:33.426Z"}
{"message":"[http:5558]     full source: \"(function(request, response) {\\n    var queryString = location.href\\n    let params = new URL(queryString)\\n    var kms = params.searchParams.get('kms');\\n\\n    response.body = response.body.replace('${DATA}', kms);\\n\\n})(config, response, logger);\"","level":"error","timestamp":"2021-09-20T15:08:33.428Z"}
{"message":"[http:5558] ::1:63092 X=> {\"message\":\"Converting circular structure to JSON\\n    --> starting at object with constructor 'DerivedLogger'\\n    |     property '_readableState' -> object with constructor 'ReadableState'\\n    |     property 'pipes' -> object with constructor 'Array'\\n    |     index 0 -> object with constructor 'Console'\\n    --- property 'parent' closes the circle\",\"name\":\"TypeError\",\"stack\":\"TypeError: Converting circular structure to JSON\\n    --> starting at object with constructor 'DerivedLogger'\\n    |     property '_readableState' -> object with constructor 'ReadableState'\\n    |     property 'pipes' -> object with constructor 'Array'\\n    |     index 0 -> object with constructor 'Console'\\n    --- property 'parent' closes the circle\\n    at JSON.stringify (<anonymous>)\\n    at Object.decorate (C:\\\\Users\\\\HP\\\\AppData\\\\Roaming\\\\npm\\\\node_modules\\\\mountebank\\\\src\\\\models\\\\behaviors.js:245:44)\\n    at C:\\\\Users\\\\HP\\\\AppData\\\\Roaming\\\\npm\\\\node_modules\\\\mountebank\\\\src\\\\models\\\\behaviors.js:530:63\\n    at processTicksAndRejections (internal/process/task_queues.js:95:5)\\n    at async Object.execute (C:\\\\Users\\\\HP\\\\AppData\\\\Roaming\\\\npm\\\\node_modules\\\\mountebank\\\\src\\\\models\\\\behaviors.js:536:23)\\n    at async Object.resolve (C:\\\\Users\\\\HP\\\\AppData\\\\Roaming\\\\npm\\\\node_modules\\\\mountebank\\\\src\\\\models\\\\responseResolver.js:339:24)\\n    at async getResponseFor (C:\\\\Users\\\\HP\\\\AppData\\\\Roaming\\\\npm\\\\node_modules\\\\mountebank\\\\src\\\\models\\\\imposter.js:146:26)\\n    at async Server.<anonymous> (C:\\\\Users\\\\HP\\\\AppData\\\\Roaming\\\\npm\\\\node_modules\\\\mountebank\\\\src\\\\models\\\\http\\\\baseHttpServer.js:127:36)\"}","level":"error","timestamp":"2021-09-20T15:08:33.454Z"}
{"message":"[http:5558] ::1:62026 => POST /paramsTest","level":"info","timestamp":"2021-09-20T15:08:50.271Z"}
{"message":"[http:5558] injection X=> ReferenceError: location is not defined","level":"error","timestamp":"2021-09-20T15:08:50.277Z"}
{"message":"[http:5558]     full source: \"(function(request, response) {\\n    var queryString = location.href\\n    let params = new URL(queryString)\\n    var kms = params.searchParams.get('kms');\\n\\n    response.body = response.body.replace('${DATA}', kms);\\n\\n})(config, response, logger);\"","level":"error","timestamp":"2021-09-20T15:08:50.278Z"}
{"message":"[http:5558] ::1:62026 X=> {\"message\":\"Converting circular structure to JSON\\n    --> starting at object with constructor 'DerivedLogger'\\n    |     property '_readableState' -> object with constructor 'ReadableState'\\n    |     property 'pipes' -> object with constructor 'Array'\\n    |     index 0 -> object with constructor 'Console'\\n    --- property 'parent' closes the circle\",\"name\":\"TypeError\",\"stack\":\"TypeError: Converting circular structure to JSON\\n    --> starting at object with constructor 'DerivedLogger'\\n    |     property '_readableState' -> object with constructor 'ReadableState'\\n    |     property 'pipes' -> object with constructor 'Array'\\n    |     index 0 -> object with constructor 'Console'\\n    --- property 'parent' closes the circle\\n    at JSON.stringify (<anonymous>)\\n    at Object.decorate (C:\\\\Users\\\\HP\\\\AppData\\\\Roaming\\\\npm\\\\node_modules\\\\mountebank\\\\src\\\\models\\\\behaviors.js:245:44)\\n    at C:\\\\Users\\\\HP\\\\AppData\\\\Roaming\\\\npm\\\\node_modules\\\\mountebank\\\\src\\\\models\\\\behaviors.js:530:63\\n    at processTicksAndRejections (internal/process/task_queues.js:95:5)\\n    at async Object.execute (C:\\\\Users\\\\HP\\\\AppData\\\\Roaming\\\\npm\\\\node_modules\\\\mountebank\\\\src\\\\models\\\\behaviors.js:536:23)\\n    at async Object.resolve (C:\\\\Users\\\\HP\\\\AppData\\\\Roaming\\\\npm\\\\node_modules\\\\mountebank\\\\src\\\\models\\\\responseResolver.js:339:24)\\n    at async getResponseFor (C:\\\\Users\\\\HP\\\\AppData\\\\Roaming\\\\npm\\\\node_modules\\\\mountebank\\\\src\\\\models\\\\imposter.js:146:26)\\n    at async Server.<anonymous> (C:\\\\Users\\\\HP\\\\AppData\\\\Roaming\\\\npm\\\\node_modules\\\\mountebank\\\\src\\\\models\\\\http\\\\baseHttpServer.js:127:36)\"}","level":"error","timestamp":"2021-09-20T15:08:50.281Z"}
{"message":"[mb:2525] POST /imposters","level":"info","timestamp":"2021-09-20T21:23:18.789Z"}
{"message":"[http:5545] Open for business...","level":"info","timestamp":"2021-09-20T21:23:18.980Z"}
{"message":"[http:5558] ::1:59210 => POST /paramsTest?data=100","level":"info","timestamp":"2021-09-20T21:23:53.734Z"}
{"message":"[http:5558] injection X=> ReferenceError: location is not defined","level":"error","timestamp":"2021-09-20T21:23:53.809Z"}
{"message":"[http:5558]     full source: \"(function(request, response) {\\n    var queryString = location.href\\n    let params = new URL(queryString)\\n    var kms = params.searchParams.get('kms');\\n\\n    response.body = response.body.replace('${DATA}', kms);\\n\\n})(config, response, logger);\"","level":"error","timestamp":"2021-09-20T21:23:53.823Z"}
{"message":"[http:5558] ::1:59210 X=> {\"message\":\"Converting circular structure to JSON\\n    --> starting at object with constructor 'DerivedLogger'\\n    |     property '_readableState' -> object with constructor 'ReadableState'\\n    |     property 'pipes' -> object with constructor 'Array'\\n    |     index 0 -> object with constructor 'Console'\\n    --- property 'parent' closes the circle\",\"name\":\"TypeError\",\"stack\":\"TypeError: Converting circular structure to JSON\\n    --> starting at object with constructor 'DerivedLogger'\\n    |     property '_readableState' -> object with constructor 'ReadableState'\\n    |     property 'pipes' -> object with constructor 'Array'\\n    |     index 0 -> object with constructor 'Console'\\n    --- property 'parent' closes the circle\\n    at JSON.stringify (<anonymous>)\\n    at Object.decorate (C:\\\\Users\\\\HP\\\\AppData\\\\Roaming\\\\npm\\\\node_modules\\\\mountebank\\\\src\\\\models\\\\behaviors.js:245:44)\\n    at C:\\\\Users\\\\HP\\\\AppData\\\\Roaming\\\\npm\\\\node_modules\\\\mountebank\\\\src\\\\models\\\\behaviors.js:530:63\\n    at processTicksAndRejections (internal/process/task_queues.js:95:5)\\n    at async Object.execute (C:\\\\Users\\\\HP\\\\AppData\\\\Roaming\\\\npm\\\\node_modules\\\\mountebank\\\\src\\\\models\\\\behaviors.js:536:23)\\n    at async Object.resolve (C:\\\\Users\\\\HP\\\\AppData\\\\Roaming\\\\npm\\\\node_modules\\\\mountebank\\\\src\\\\models\\\\responseResolver.js:339:24)\\n    at async getResponseFor (C:\\\\Users\\\\HP\\\\AppData\\\\Roaming\\\\npm\\\\node_modules\\\\mountebank\\\\src\\\\models\\\\imposter.js:146:26)\\n    at async Server.<anonymous> (C:\\\\Users\\\\HP\\\\AppData\\\\Roaming\\\\npm\\\\node_modules\\\\mountebank\\\\src\\\\models\\\\http\\\\baseHttpServer.js:127:36)\"}","level":"error","timestamp":"2021-09-20T21:23:53.831Z"}
{"message":"[mb:2525] POST /imposters","level":"info","timestamp":"2021-09-20T21:34:39.186Z"}
{"message":"[http:4555] Open for business...","level":"info","timestamp":"2021-09-20T21:34:39.416Z"}
{"message":"[http:4555] ::1:65061 => POST /paramsTest?data=100","level":"info","timestamp":"2021-09-20T21:34:50.415Z"}
{"message":"[mb:2525] GET /imposters","level":"info","timestamp":"2021-09-20T21:45:13.147Z"}
{"message":"[mb:2525] POST /imposters","level":"info","timestamp":"2021-09-20T21:46:02.414Z"}
{"message":"[http:6666] Open for business...","level":"info","timestamp":"2021-09-20T21:46:02.499Z"}
{"message":"[mb:2525] POST /imposters","level":"info","timestamp":"2021-09-20T21:46:13.949Z"}
{"message":"[http:6667] Open for business...","level":"info","timestamp":"2021-09-20T21:46:13.952Z"}
{"message":"[http:6666] ::1:58238 => POST /generatePolicy?age=54541","level":"info","timestamp":"2021-09-20T21:47:05.093Z"}
{"message":"[http:6666] no predicate match, using default response","level":"info","timestamp":"2021-09-20T21:47:05.117Z"}
{"message":"[http:6667] ::1:58243 => POST /generatePolicy?age=54541","level":"info","timestamp":"2021-09-20T21:47:17.808Z"}
{"message":"[http:6667] no predicate match, using default response","level":"info","timestamp":"2021-09-20T21:47:17.855Z"}
{"message":"[mb:2525] POST /imposters","level":"info","timestamp":"2021-09-20T21:47:59.982Z"}
{"message":"[http:6668] Open for business...","level":"info","timestamp":"2021-09-20T21:47:59.986Z"}
{"message":"[http:6668] ::1:57315 => POST /generatePolicy?age=54541","level":"info","timestamp":"2021-09-20T21:48:20.425Z"}
{"message":"[http:6668] no predicate match, using default response","level":"info","timestamp":"2021-09-20T21:48:21.000Z"}
{"message":"[mb:2525] POST /imposters","level":"info","timestamp":"2021-09-20T21:51:53.868Z"}
{"message":"[http:6669] Open for business...","level":"info","timestamp":"2021-09-20T21:51:53.964Z"}
{"message":"[http:6669] ::1:52421 => POST /generatePolicy?age=54541","level":"info","timestamp":"2021-09-20T21:52:05.617Z"}
