"2021-10-13 00:23:11 [cluster-ClusterId{value='616526362d3d1028858a502f', description='null'}-horizon-cluster-shard-00-01.eh18v.mongodb.net:27017] INFO  org.mongodb.driver.cluster - Exception in monitor thread while connecting to server horizon-cluster-shard-00-01.eh18v.mongodb.net:27017
"com.mongodb.MongoSocketReadTimeoutException: Timeout while receiving message
	at com.mongodb.internal.connection.InternalStreamConnection.translateReadException(InternalStreamConnection.java:630)
	at com.mongodb.internal.connection.InternalStreamConnection.receiveMessageWithAdditionalTimeout(InternalStreamConnection.java:515)
	at com.mongodb.internal.connection.InternalStreamConnection.receiveCommandMessageResponse(InternalStreamConnection.java:355)
	at com.mongodb.internal.connection.InternalStreamConnection.receive(InternalStreamConnection.java:315)
	at com.mongodb.internal.connection.DefaultServerMonitor$ServerMonitorRunnable.lookupServerDescription(DefaultServerMonitor.java:215)
	at com.mongodb.internal.connection.DefaultServerMonitor$ServerMonitorRunnable.run(DefaultServerMonitor.java:144)
	at java.base/java.lang.Thread.run(Thread.java:834)
Caused by: java.net.SocketTimeoutException: Read timed out
	at java.base/java.net.SocketInputStream.socketRead0(Native Method)
	at java.base/java.net.SocketInputStream.socketRead(SocketInputStream.java:115)
	at java.base/java.net.SocketInputStream.read(SocketInputStream.java:168)
	at java.base/java.net.SocketInputStream.read(SocketInputStream.java:140)
	at java.base/sun.security.ssl.SSLSocketInputRecord.read(SSLSocketInputRecord.java:478)
	at java.base/sun.security.ssl.SSLSocketInputRecord.readHeader(SSLSocketInputRecord.java:472)
	at java.base/sun.security.ssl.SSLSocketInputRecord.bytesInCompletePacket(SSLSocketInputRecord.java:70)
	at java.base/sun.security.ssl.SSLSocketImpl.readApplicationRecord(SSLSocketImpl.java:1318)
	at java.base/sun.security.ssl.SSLSocketImpl$AppInputStream.read(SSLSocketImpl.java:959)
	at com.mongodb.internal.connection.SocketStream.read(SocketStream.java:109)
	at com.mongodb.internal.connection.SocketStream.read(SocketStream.java:131)
	at com.mongodb.internal.connection.InternalStreamConnection.receiveResponseBuffers(InternalStreamConnection.java:647)
	at com.mongodb.internal.connection.InternalStreamConnection.receiveMessageWithAdditionalTimeout(InternalStreamConnection.java:512)
	... 5 common frames omitted
"2021-10-13 00:23:11 [cluster-ClusterId{value='616526362d3d1028858a502f', description='null'}-horizon-cluster-shard-00-00.eh18v.mongodb.net:27017] INFO  org.mongodb.driver.cluster - Exception in monitor thread while connecting to server horizon-cluster-shard-00-00.eh18v.mongodb.net:27017
"com.mongodb.MongoSocketReadTimeoutException: Timeout while receiving message
	at com.mongodb.internal.connection.InternalStreamConnection.translateReadException(InternalStreamConnection.java:630)
	at com.mongodb.internal.connection.InternalStreamConnection.receiveMessageWithAdditionalTimeout(InternalStreamConnection.java:515)
	at com.mongodb.internal.connection.InternalStreamConnection.receiveCommandMessageResponse(InternalStreamConnection.java:355)
	at com.mongodb.internal.connection.InternalStreamConnection.receive(InternalStreamConnection.java:315)
	at com.mongodb.internal.connection.DefaultServerMonitor$ServerMonitorRunnable.lookupServerDescription(DefaultServerMonitor.java:215)
	at com.mongodb.internal.connection.DefaultServerMonitor$ServerMonitorRunnable.run(DefaultServerMonitor.java:144)
	at java.base/java.lang.Thread.run(Thread.java:834)
Caused by: java.net.SocketTimeoutException: Read timed out
	at java.base/java.net.SocketInputStream.socketRead0(Native Method)
	at java.base/java.net.SocketInputStream.socketRead(SocketInputStream.java:115)
	at java.base/java.net.SocketInputStream.read(SocketInputStream.java:168)
	at java.base/java.net.SocketInputStream.read(SocketInputStream.java:140)
	at java.base/sun.security.ssl.SSLSocketInputRecord.read(SSLSocketInputRecord.java:478)
	at java.base/sun.security.ssl.SSLSocketInputRecord.readHeader(SSLSocketInputRecord.java:472)
	at java.base/sun.security.ssl.SSLSocketInputRecord.bytesInCompletePacket(SSLSocketInputRecord.java:70)
	at java.base/sun.security.ssl.SSLSocketImpl.readApplicationRecord(SSLSocketImpl.java:1318)
	at java.base/sun.security.ssl.SSLSocketImpl$AppInputStream.read(SSLSocketImpl.java:959)
	at com.mongodb.internal.connection.SocketStream.read(SocketStream.java:109)
	at com.mongodb.internal.connection.SocketStream.read(SocketStream.java:131)
	at com.mongodb.internal.connection.InternalStreamConnection.receiveResponseBuffers(InternalStreamConnection.java:647)
	at com.mongodb.internal.connection.InternalStreamConnection.receiveMessageWithAdditionalTimeout(InternalStreamConnection.java:512)
	... 5 common frames omitted
"2021-10-13 00:23:11 [cluster-ClusterId{value='616526362d3d1028858a502f', description='null'}-horizon-cluster-shard-00-02.eh18v.mongodb.net:27017] INFO  org.mongodb.driver.cluster - Exception in monitor thread while connecting to server horizon-cluster-shard-00-02.eh18v.mongodb.net:27017
"com.mongodb.MongoSocketReadTimeoutException: Timeout while receiving message
	at com.mongodb.internal.connection.InternalStreamConnection.translateReadException(InternalStreamConnection.java:630)
	at com.mongodb.internal.connection.InternalStreamConnection.receiveMessageWithAdditionalTimeout(InternalStreamConnection.java:515)
	at com.mongodb.internal.connection.InternalStreamConnection.receiveCommandMessageResponse(InternalStreamConnection.java:355)
	at com.mongodb.internal.connection.InternalStreamConnection.receive(InternalStreamConnection.java:315)
	at com.mongodb.internal.connection.DefaultServerMonitor$ServerMonitorRunnable.lookupServerDescription(DefaultServerMonitor.java:215)
	at com.mongodb.internal.connection.DefaultServerMonitor$ServerMonitorRunnable.run(DefaultServerMonitor.java:144)
	at java.base/java.lang.Thread.run(Thread.java:834)
Caused by: java.net.SocketTimeoutException: Read timed out
	at java.base/java.net.SocketInputStream.socketRead0(Native Method)
	at java.base/java.net.SocketInputStream.socketRead(SocketInputStream.java:115)
	at java.base/java.net.SocketInputStream.read(SocketInputStream.java:168)
	at java.base/java.net.SocketInputStream.read(SocketInputStream.java:140)
	at java.base/sun.security.ssl.SSLSocketInputRecord.read(SSLSocketInputRecord.java:478)
	at java.base/sun.security.ssl.SSLSocketInputRecord.readHeader(SSLSocketInputRecord.java:472)
	at java.base/sun.security.ssl.SSLSocketInputRecord.bytesInCompletePacket(SSLSocketInputRecord.java:70)
	at java.base/sun.security.ssl.SSLSocketImpl.readApplicationRecord(SSLSocketImpl.java:1318)
	at java.base/sun.security.ssl.SSLSocketImpl$AppInputStream.read(SSLSocketImpl.java:959)
	at com.mongodb.internal.connection.SocketStream.read(SocketStream.java:109)
	at com.mongodb.internal.connection.SocketStream.read(SocketStream.java:131)
	at com.mongodb.internal.connection.InternalStreamConnection.receiveResponseBuffers(InternalStreamConnection.java:647)
	at com.mongodb.internal.connection.InternalStreamConnection.receiveMessageWithAdditionalTimeout(InternalStreamConnection.java:512)
	... 5 common frames omitted
"2021-10-13 00:24:03 [cluster-ClusterId{value='616526362d3d1028858a502f', description='null'}-horizon-cluster-shard-00-01.eh18v.mongodb.net:27017] INFO  org.mongodb.driver.cluster - Exception in monitor thread while connecting to server horizon-cluster-shard-00-01.eh18v.mongodb.net:27017
"com.mongodb.MongoSocketException: horizon-cluster-shard-00-01.eh18v.mongodb.net
	at com.mongodb.ServerAddress.getSocketAddresses(ServerAddress.java:211)
	at com.mongodb.internal.connection.SocketStream.initializeSocket(SocketStream.java:75)
	at com.mongodb.internal.connection.SocketStream.open(SocketStream.java:65)
	at com.mongodb.internal.connection.InternalStreamConnection.open(InternalStreamConnection.java:143)
	at com.mongodb.internal.connection.DefaultServerMonitor$ServerMonitorRunnable.lookupServerDescription(DefaultServerMonitor.java:188)
	at com.mongodb.internal.connection.DefaultServerMonitor$ServerMonitorRunnable.run(DefaultServerMonitor.java:144)
	at java.base/java.lang.Thread.run(Thread.java:834)
Caused by: java.net.UnknownHostException: horizon-cluster-shard-00-01.eh18v.mongodb.net
	at java.base/java.net.InetAddress$CachedAddresses.get(InetAddress.java:797)
	at java.base/java.net.InetAddress.getAllByName0(InetAddress.java:1505)
	at java.base/java.net.InetAddress.getAllByName(InetAddress.java:1364)
	at java.base/java.net.InetAddress.getAllByName(InetAddress.java:1298)
	at com.mongodb.ServerAddress.getSocketAddresses(ServerAddress.java:203)
	... 6 common frames omitted
"2021-10-13 00:24:03 [cluster-ClusterId{value='616526362d3d1028858a502f', description='null'}-horizon-cluster-shard-00-00.eh18v.mongodb.net:27017] INFO  org.mongodb.driver.cluster - Exception in monitor thread while connecting to server horizon-cluster-shard-00-00.eh18v.mongodb.net:27017
"com.mongodb.MongoSocketException: horizon-cluster-shard-00-00.eh18v.mongodb.net
	at com.mongodb.ServerAddress.getSocketAddresses(ServerAddress.java:211)
	at com.mongodb.internal.connection.SocketStream.initializeSocket(SocketStream.java:75)
	at com.mongodb.internal.connection.SocketStream.open(SocketStream.java:65)
	at com.mongodb.internal.connection.InternalStreamConnection.open(InternalStreamConnection.java:143)
	at com.mongodb.internal.connection.DefaultServerMonitor$ServerMonitorRunnable.lookupServerDescription(DefaultServerMonitor.java:188)
	at com.mongodb.internal.connection.DefaultServerMonitor$ServerMonitorRunnable.run(DefaultServerMonitor.java:144)
	at java.base/java.lang.Thread.run(Thread.java:834)
Caused by: java.net.UnknownHostException: horizon-cluster-shard-00-00.eh18v.mongodb.net
	at java.base/java.net.InetAddress$CachedAddresses.get(InetAddress.java:797)
	at java.base/java.net.InetAddress.getAllByName0(InetAddress.java:1505)
	at java.base/java.net.InetAddress.getAllByName(InetAddress.java:1364)
	at java.base/java.net.InetAddress.getAllByName(InetAddress.java:1298)
	at com.mongodb.ServerAddress.getSocketAddresses(ServerAddress.java:203)
	... 6 common frames omitted
"2021-10-13 00:24:04 [cluster-ClusterId{value='616526362d3d1028858a502f', description='null'}-horizon-cluster-shard-00-02.eh18v.mongodb.net:27017] INFO  org.mongodb.driver.cluster - Exception in monitor thread while connecting to server horizon-cluster-shard-00-02.eh18v.mongodb.net:27017
"com.mongodb.MongoSocketException: horizon-cluster-shard-00-02.eh18v.mongodb.net
	at com.mongodb.ServerAddress.getSocketAddresses(ServerAddress.java:211)
	at com.mongodb.internal.connection.SocketStream.initializeSocket(SocketStream.java:75)
	at com.mongodb.internal.connection.SocketStream.open(SocketStream.java:65)
	at com.mongodb.internal.connection.InternalStreamConnection.open(InternalStreamConnection.java:143)
	at com.mongodb.internal.connection.DefaultServerMonitor$ServerMonitorRunnable.lookupServerDescription(DefaultServerMonitor.java:188)
	at com.mongodb.internal.connection.DefaultServerMonitor$ServerMonitorRunnable.run(DefaultServerMonitor.java:144)
	at java.base/java.lang.Thread.run(Thread.java:834)
Caused by: java.net.UnknownHostException: horizon-cluster-shard-00-02.eh18v.mongodb.net
	at java.base/java.net.InetAddress$CachedAddresses.get(InetAddress.java:797)
	at java.base/java.net.InetAddress.getAllByName0(InetAddress.java:1505)
	at java.base/java.net.InetAddress.getAllByName(InetAddress.java:1364)
	at java.base/java.net.InetAddress.getAllByName(InetAddress.java:1298)
	at com.mongodb.ServerAddress.getSocketAddresses(ServerAddress.java:203)
	... 6 common frames omitted
"2021-10-13 00:24:14 [cluster-ClusterId{value='616526362d3d1028858a502f', description='null'}-horizon-cluster-shard-00-02.eh18v.mongodb.net:27017] INFO  org.mongodb.driver.cluster - Exception in monitor thread while connecting to server horizon-cluster-shard-00-02.eh18v.mongodb.net:27017
"com.mongodb.MongoSocketException: No such host is known (horizon-cluster-shard-00-02.eh18v.mongodb.net)
	at com.mongodb.ServerAddress.getSocketAddresses(ServerAddress.java:211)
	at com.mongodb.internal.connection.SocketStream.initializeSocket(SocketStream.java:75)
	at com.mongodb.internal.connection.SocketStream.open(SocketStream.java:65)
	at com.mongodb.internal.connection.InternalStreamConnection.open(InternalStreamConnection.java:143)
	at com.mongodb.internal.connection.DefaultServerMonitor$ServerMonitorRunnable.lookupServerDescription(DefaultServerMonitor.java:188)
	at com.mongodb.internal.connection.DefaultServerMonitor$ServerMonitorRunnable.run(DefaultServerMonitor.java:144)
	at java.base/java.lang.Thread.run(Thread.java:834)
Caused by: java.net.UnknownHostException: No such host is known (horizon-cluster-shard-00-02.eh18v.mongodb.net)
	at java.base/java.net.Inet6AddressImpl.lookupAllHostAddr(Native Method)
	at java.base/java.net.InetAddress$PlatformNameService.lookupAllHostAddr(InetAddress.java:929)
	at java.base/java.net.InetAddress.getAddressesFromNameService(InetAddress.java:1515)
	at java.base/java.net.InetAddress$NameServiceAddresses.get(InetAddress.java:848)
	at java.base/java.net.InetAddress.getAllByName0(InetAddress.java:1505)
	at java.base/java.net.InetAddress.getAllByName(InetAddress.java:1364)
	at java.base/java.net.InetAddress.getAllByName(InetAddress.java:1298)
	at com.mongodb.ServerAddress.getSocketAddresses(ServerAddress.java:203)
	... 6 common frames omitted
"2021-10-13 02:30:07 [cluster-ClusterId{value='616526362d3d1028858a502f', description='null'}-horizon-cluster-shard-00-00.eh18v.mongodb.net:27017] INFO  org.mongodb.driver.cluster - Exception in monitor thread while connecting to server horizon-cluster-shard-00-00.eh18v.mongodb.net:27017
"com.mongodb.MongoSocketException: No such host is known (horizon-cluster-shard-00-00.eh18v.mongodb.net)
	at com.mongodb.ServerAddress.getSocketAddresses(ServerAddress.java:211)
	at com.mongodb.internal.connection.SocketStream.initializeSocket(SocketStream.java:75)
	at com.mongodb.internal.connection.SocketStream.open(SocketStream.java:65)
	at com.mongodb.internal.connection.InternalStreamConnection.open(InternalStreamConnection.java:143)
	at com.mongodb.internal.connection.DefaultServerMonitor$ServerMonitorRunnable.lookupServerDescription(DefaultServerMonitor.java:188)
	at com.mongodb.internal.connection.DefaultServerMonitor$ServerMonitorRunnable.run(DefaultServerMonitor.java:144)
	at java.base/java.lang.Thread.run(Thread.java:834)
Caused by: java.net.UnknownHostException: No such host is known (horizon-cluster-shard-00-00.eh18v.mongodb.net)
	at java.base/java.net.Inet6AddressImpl.lookupAllHostAddr(Native Method)
	at java.base/java.net.InetAddress$PlatformNameService.lookupAllHostAddr(InetAddress.java:929)
	at java.base/java.net.InetAddress.getAddressesFromNameService(InetAddress.java:1515)
	at java.base/java.net.InetAddress$NameServiceAddresses.get(InetAddress.java:848)
	at java.base/java.net.InetAddress.getAllByName0(InetAddress.java:1505)
	at java.base/java.net.InetAddress.getAllByName(InetAddress.java:1364)
	at java.base/java.net.InetAddress.getAllByName(InetAddress.java:1298)
	at com.mongodb.ServerAddress.getSocketAddresses(ServerAddress.java:203)
	... 6 common frames omitted
"2021-10-13 02:30:37 [cluster-ClusterId{value='616526362d3d1028858a502f', description='null'}-horizon-cluster-shard-00-02.eh18v.mongodb.net:27017] INFO  org.mongodb.driver.cluster - Exception in monitor thread while connecting to server horizon-cluster-shard-00-02.eh18v.mongodb.net:27017
"com.mongodb.MongoSocketException: horizon-cluster-shard-00-02.eh18v.mongodb.net
	at com.mongodb.ServerAddress.getSocketAddresses(ServerAddress.java:211)
	at com.mongodb.internal.connection.SocketStream.initializeSocket(SocketStream.java:75)
	at com.mongodb.internal.connection.SocketStream.open(SocketStream.java:65)
	at com.mongodb.internal.connection.InternalStreamConnection.open(InternalStreamConnection.java:143)
	at com.mongodb.internal.connection.DefaultServerMonitor$ServerMonitorRunnable.lookupServerDescription(DefaultServerMonitor.java:188)
	at com.mongodb.internal.connection.DefaultServerMonitor$ServerMonitorRunnable.run(DefaultServerMonitor.java:144)
	at java.base/java.lang.Thread.run(Thread.java:834)
Caused by: java.net.UnknownHostException: horizon-cluster-shard-00-02.eh18v.mongodb.net
	at java.base/java.net.InetAddress$CachedAddresses.get(InetAddress.java:797)
	at java.base/java.net.InetAddress.getAllByName0(InetAddress.java:1505)
	at java.base/java.net.InetAddress.getAllByName(InetAddress.java:1364)
	at java.base/java.net.InetAddress.getAllByName(InetAddress.java:1298)
	at com.mongodb.ServerAddress.getSocketAddresses(ServerAddress.java:203)
	... 6 common frames omitted
"2021-10-13 02:30:47 [cluster-ClusterId{value='616526362d3d1028858a502f', description='null'}-horizon-cluster-shard-00-02.eh18v.mongodb.net:27017] INFO  org.mongodb.driver.cluster - Exception in monitor thread while connecting to server horizon-cluster-shard-00-02.eh18v.mongodb.net:27017
"com.mongodb.MongoSocketException: No such host is known (horizon-cluster-shard-00-02.eh18v.mongodb.net)
	at com.mongodb.ServerAddress.getSocketAddresses(ServerAddress.java:211)
	at com.mongodb.internal.connection.SocketStream.initializeSocket(SocketStream.java:75)
	at com.mongodb.internal.connection.SocketStream.open(SocketStream.java:65)
	at com.mongodb.internal.connection.InternalStreamConnection.open(InternalStreamConnection.java:143)
	at com.mongodb.internal.connection.DefaultServerMonitor$ServerMonitorRunnable.lookupServerDescription(DefaultServerMonitor.java:188)
	at com.mongodb.internal.connection.DefaultServerMonitor$ServerMonitorRunnable.run(DefaultServerMonitor.java:144)
	at java.base/java.lang.Thread.run(Thread.java:834)
Caused by: java.net.UnknownHostException: No such host is known (horizon-cluster-shard-00-02.eh18v.mongodb.net)
	at java.base/java.net.Inet6AddressImpl.lookupAllHostAddr(Native Method)
	at java.base/java.net.InetAddress$PlatformNameService.lookupAllHostAddr(InetAddress.java:929)
	at java.base/java.net.InetAddress.getAddressesFromNameService(InetAddress.java:1515)
	at java.base/java.net.InetAddress$NameServiceAddresses.get(InetAddress.java:848)
	at java.base/java.net.InetAddress.getAllByName0(InetAddress.java:1505)
	at java.base/java.net.InetAddress.getAllByName(InetAddress.java:1364)
	at java.base/java.net.InetAddress.getAllByName(InetAddress.java:1298)
	at com.mongodb.ServerAddress.getSocketAddresses(ServerAddress.java:203)
	... 6 common frames omitted
"2021-10-13 02:30:57 [cluster-ClusterId{value='616526362d3d1028858a502f', description='null'}-horizon-cluster-shard-00-02.eh18v.mongodb.net:27017] INFO  org.mongodb.driver.cluster - Exception in monitor thread while connecting to server horizon-cluster-shard-00-02.eh18v.mongodb.net:27017
"com.mongodb.MongoSocketException: horizon-cluster-shard-00-02.eh18v.mongodb.net
	at com.mongodb.ServerAddress.getSocketAddresses(ServerAddress.java:211)
	at com.mongodb.internal.connection.SocketStream.initializeSocket(SocketStream.java:75)
	at com.mongodb.internal.connection.SocketStream.open(SocketStream.java:65)
	at com.mongodb.internal.connection.InternalStreamConnection.open(InternalStreamConnection.java:143)
	at com.mongodb.internal.connection.DefaultServerMonitor$ServerMonitorRunnable.lookupServerDescription(DefaultServerMonitor.java:188)
	at com.mongodb.internal.connection.DefaultServerMonitor$ServerMonitorRunnable.run(DefaultServerMonitor.java:144)
	at java.base/java.lang.Thread.run(Thread.java:834)
Caused by: java.net.UnknownHostException: horizon-cluster-shard-00-02.eh18v.mongodb.net
	at java.base/java.net.InetAddress$CachedAddresses.get(InetAddress.java:797)
	at java.base/java.net.InetAddress.getAllByName0(InetAddress.java:1505)
	at java.base/java.net.InetAddress.getAllByName(InetAddress.java:1364)
	at java.base/java.net.InetAddress.getAllByName(InetAddress.java:1298)
	at com.mongodb.ServerAddress.getSocketAddresses(ServerAddress.java:203)
	... 6 common frames omitted
"2021-10-13 02:32:16 [cluster-ClusterId{value='616526362d3d1028858a502f', description='null'}-horizon-cluster-shard-00-02.eh18v.mongodb.net:27017] INFO  org.mongodb.driver.connection - Opened connection [connectionId{localValue:1490, serverValue:30379}] to horizon-cluster-shard-00-02.eh18v.mongodb.net:27017
""2021-10-13 02:32:17 [cluster-rtt-ClusterId{value='616526362d3d1028858a502f', description='null'}-horizon-cluster-shard-00-01.eh18v.mongodb.net:27017] INFO  org.mongodb.driver.connection - Opened connection [connectionId{localValue:1486, serverValue:29630}] to horizon-cluster-shard-00-01.eh18v.mongodb.net:27017
""2021-10-13 02:32:17 [cluster-ClusterId{value='616526362d3d1028858a502f', description='null'}-horizon-cluster-shard-00-02.eh18v.mongodb.net:27017] INFO  org.mongodb.driver.cluster - Monitor thread successfully connected to server with description ServerDescription{address=horizon-cluster-shard-00-02.eh18v.mongodb.net:27017, type=REPLICA_SET_PRIMARY, state=CONNECTED, ok=true, minWireVersion=0, maxWireVersion=9, maxDocumentSize=16777216, logicalSessionTimeoutMinutes=30, roundTripTimeNanos=30458911800, setName='atlas-u432k0-shard-0', canonicalAddress=horizon-cluster-shard-00-02.eh18v.mongodb.net:27017, hosts=[horizon-cluster-shard-00-00.eh18v.mongodb.net:27017, horizon-cluster-shard-00-02.eh18v.mongodb.net:27017, horizon-cluster-shard-00-01.eh18v.mongodb.net:27017], passives=[], arbiters=[], primary='horizon-cluster-shard-00-02.eh18v.mongodb.net:27017', tagSet=TagSet{[Tag{name='nodeType', value='ELECTABLE'}, Tag{name='provider', value='AWS'}, Tag{name='region', value='US_EAST_1'}, Tag{name='workloadType', value='OPERATIONAL'}]}, electionId=7fffffff000000000000006c, setVersion=8, topologyVersion=TopologyVersion{processId=6163959469a1843c481a2a9c, counter=6}, lastWriteDate=Wed Oct 13 02:32:16 IST 2021, lastUpdateTimeNanos=478186352867800}
""2021-10-13 02:32:17 [cluster-rtt-ClusterId{value='616526362d3d1028858a502f', description='null'}-horizon-cluster-shard-00-02.eh18v.mongodb.net:27017] INFO  org.mongodb.driver.connection - Opened connection [connectionId{localValue:1489, serverValue:30312}] to horizon-cluster-shard-00-02.eh18v.mongodb.net:27017
""2021-10-13 02:32:17 [cluster-ClusterId{value='616526362d3d1028858a502f', description='null'}-horizon-cluster-shard-00-00.eh18v.mongodb.net:27017] INFO  org.mongodb.driver.connection - Opened connection [connectionId{localValue:1488, serverValue:29764}] to horizon-cluster-shard-00-00.eh18v.mongodb.net:27017
""2021-10-13 02:32:17 [cluster-ClusterId{value='616526362d3d1028858a502f', description='null'}-horizon-cluster-shard-00-01.eh18v.mongodb.net:27017] INFO  org.mongodb.driver.connection - Opened connection [connectionId{localValue:1487, serverValue:29633}] to horizon-cluster-shard-00-01.eh18v.mongodb.net:27017
""2021-10-13 02:32:17 [cluster-rtt-ClusterId{value='616526362d3d1028858a502f', description='null'}-horizon-cluster-shard-00-00.eh18v.mongodb.net:27017] INFO  org.mongodb.driver.connection - Opened connection [connectionId{localValue:1491, serverValue:29764}] to horizon-cluster-shard-00-00.eh18v.mongodb.net:27017
""2021-10-13 02:32:17 [cluster-ClusterId{value='616526362d3d1028858a502f', description='null'}-horizon-cluster-shard-00-02.eh18v.mongodb.net:27017] INFO  org.mongodb.driver.cluster - Discovered replica set primary horizon-cluster-shard-00-02.eh18v.mongodb.net:27017
""2021-10-13 02:32:17 [cluster-ClusterId{value='616526362d3d1028858a502f', description='null'}-horizon-cluster-shard-00-01.eh18v.mongodb.net:27017] INFO  org.mongodb.driver.cluster - Monitor thread successfully connected to server with description ServerDescription{address=horizon-cluster-shard-00-01.eh18v.mongodb.net:27017, type=REPLICA_SET_SECONDARY, state=CONNECTED, ok=true, minWireVersion=0, maxWireVersion=9, maxDocumentSize=16777216, logicalSessionTimeoutMinutes=30, roundTripTimeNanos=30955901400, setName='atlas-u432k0-shard-0', canonicalAddress=horizon-cluster-shard-00-01.eh18v.mongodb.net:27017, hosts=[horizon-cluster-shard-00-00.eh18v.mongodb.net:27017, horizon-cluster-shard-00-02.eh18v.mongodb.net:27017, horizon-cluster-shard-00-01.eh18v.mongodb.net:27017], passives=[], arbiters=[], primary='horizon-cluster-shard-00-02.eh18v.mongodb.net:27017', tagSet=TagSet{[Tag{name='nodeType', value='ELECTABLE'}, Tag{name='provider', value='AWS'}, Tag{name='region', value='US_EAST_1'}, Tag{name='workloadType', value='OPERATIONAL'}]}, electionId=null, setVersion=8, topologyVersion=TopologyVersion{processId=61639696b184f3ae049e58ae, counter=4}, lastWriteDate=Wed Oct 13 02:32:16 IST 2021, lastUpdateTimeNanos=478186849639700}
""2021-10-13 02:32:17 [cluster-ClusterId{value='616526362d3d1028858a502f', description='null'}-horizon-cluster-shard-00-00.eh18v.mongodb.net:27017] INFO  org.mongodb.driver.cluster - Monitor thread successfully connected to server with description ServerDescription{address=horizon-cluster-shard-00-00.eh18v.mongodb.net:27017, type=REPLICA_SET_SECONDARY, state=CONNECTED, ok=true, minWireVersion=0, maxWireVersion=9, maxDocumentSize=16777216, logicalSessionTimeoutMinutes=30, roundTripTimeNanos=30967230600, setName='atlas-u432k0-shard-0', canonicalAddress=horizon-cluster-shard-00-00.eh18v.mongodb.net:27017, hosts=[horizon-cluster-shard-00-00.eh18v.mongodb.net:27017, horizon-cluster-shard-00-02.eh18v.mongodb.net:27017, horizon-cluster-shard-00-01.eh18v.mongodb.net:27017], passives=[], arbiters=[], primary='horizon-cluster-shard-00-02.eh18v.mongodb.net:27017', tagSet=TagSet{[Tag{name='nodeType', value='ELECTABLE'}, Tag{name='provider', value='AWS'}, Tag{name='region', value='US_EAST_1'}, Tag{name='workloadType', value='OPERATIONAL'}]}, electionId=null, setVersion=8, topologyVersion=TopologyVersion{processId=6163949a79823de755986b36, counter=4}, lastWriteDate=Wed Oct 13 02:32:16 IST 2021, lastUpdateTimeNanos=478186861004500}
"